<component name="libraryTable">
  <library name="junit:junit:4.10" type="repository">
    <properties maven-id="junit:junit:4.10" />
    <CLASSES>
      <root url="jar://$PROJECT_DIR$/lib/junit-4.10.jar!/" />
      <root url="jar://$PROJECT_DIR$/lib/hamcrest-core-1.1.jar!/" />
      <root url="jar://$PROJECT_DIR$/lib/cassandra-thrift-1.0.9.jar!/" />
      <root url="jar://$PROJECT_DIR$/lib/commons-codec-1.2.jar!/" />
      <root url="jar://$PROJECT_DIR$/lib/commons-lang-2.4.jar!/" />
      <root url="jar://$PROJECT_DIR$/lib/commons-logging-1.1.1.jar!/" />
      <root url="jar://$PROJECT_DIR$/lib/commons-pool-1.5.3.jar!/" />
      <root url="jar://$PROJECT_DIR$/lib/FastInfoset-1.2.2.jar!/" />
      <root url="jar://$PROJECT_DIR$/lib/guava-r09.jar!/" />
      <root url="jar://$PROJECT_DIR$/lib/hector-core-1.0-5.jar!/" />
      <root url="jar://$PROJECT_DIR$/lib/httpclient-4.0.1.jar!/" />
      <root url="jar://$PROJECT_DIR$/lib/httpcore-4.0.1.jar!/" />
      <root url="jar://$PROJECT_DIR$/lib/libthrift-0.6.1.jar!/" />
      <root url="jar://$PROJECT_DIR$/lib/osgi_R4_compendium-1.0.jar!/" />
      <root url="jar://$PROJECT_DIR$/lib/osgi_R4_core-1.0.jar!/" />
      <root url="jar://$PROJECT_DIR$/lib/servlet-api-2.5.jar!/" />
      <root url="jar://$PROJECT_DIR$/lib/slf4j-api-1.6.1.jar!/" />
      <root url="jar://$PROJECT_DIR$/lib/speed4j-0.9.jar!/" />
      <root url="jar://$PROJECT_DIR$/lib/uuid-3.2.0.jar!/" />
      <root url="jar://$PROJECT_DIR$/lib/snakeyaml-1.6.jar!/" />
      <root url="jar://$PROJECT_DIR$/lib/slf4j-simple-1.6.1.jar!/" />
      <root url="jar://$PROJECT_DIR$/lib/json-20090211.jar!/" />
      <root url="jar://$PROJECT_DIR$/lib/jetty-continuation-8.1.0.v20120127.jar!/" />
      <root url="jar://$PROJECT_DIR$/lib/jetty-http-8.1.0.v20120127.jar!/" />
      <root url="jar://$PROJECT_DIR$/lib/jetty-io-8.1.0.v20120127.jar!/" />
      <root url="jar://$PROJECT_DIR$/lib/jetty-jmx-8.1.0.v20120127.jar!/" />
      <root url="jar://$PROJECT_DIR$/lib/jetty-server-8.1.0.v20120127.jar!/" />
      <root url="jar://$PROJECT_DIR$/lib/jetty-util-8.1.0.v20120127.jar!/" />
      <root url="jar://$PROJECT_DIR$/lib/servlet-api-3.0.20100224.jar!/" />
      <root url="jar://$PROJECT_DIR$/lib/ant-1.6.jar!/" />
      <root url="jar://$PROJECT_DIR$/lib/jdom-1.0.jar!/" />
      <root url="jar://$PROJECT_DIR$/lib/log4j-1.2.12.jar!/" />
      <root url="jar://$PROJECT_DIR$/lib/logkit-2.0.jar!/" />
      <root url="jar://$PROJECT_DIR$/lib/oro-2.0.8.jar!/" />
      <root url="jar://$PROJECT_DIR$/lib/werken-xpath-0.9.4.jar!/" />
      <root url="jar://$PROJECT_DIR$/lib/commons-collections-3.2.1.jar!/" />
      <root url="jar://$PROJECT_DIR$/lib/velocity-1.7.jar!/" />
      <root url="jar://$PROJECT_DIR$/lib/activation-1.1.jar!/" />
      <root url="jar://$PROJECT_DIR$/lib/mail-1.4.5.jar!/" />
      <root url="jar://$PROJECT_DIR$/lib/smack-3.2.1.jar!/" />
      <root url="jar://$PROJECT_DIR$/lib/commons-io-2.4.jar!/" />
    </CLASSES>
    <JAVADOC>
      <root url="jar://$PROJECT_DIR$/lib/hector-core-1.0-5-javadoc.jar!/" />
      <root url="jar://$PROJECT_DIR$/lib/junit-4.10-javadoc.jar!/" />
      <root url="jar://$PROJECT_DIR$/lib/snakeyaml-1.6-javadoc.jar!/" />
      <root url="jar://$PROJECT_DIR$/lib/slf4j-simple-1.6.1-javadoc.jar!/" />
      <root url="jar://$PROJECT_DIR$/lib/jetty-server-8.1.0.v20120127-javadoc.jar!/" />
      <root url="jar://$PROJECT_DIR$/lib/velocity-1.7-javadoc.jar!/" />
      <root url="jar://$PROJECT_DIR$/lib/mail-1.4.5-javadoc.jar!/" />
      <root url="jar://$PROJECT_DIR$/lib/smack-3.2.1-javadoc.jar!/doc" />
    </JAVADOC>
    <SOURCES>
      <root url="jar://$PROJECT_DIR$/lib/hamcrest-core-1.1.jar!/" />
      <root url="jar://$PROJECT_DIR$/lib/hector-core-1.0-5-sources.jar!/" />
      <root url="jar://$PROJECT_DIR$/lib/junit-4.10-sources.jar!/" />
      <root url="jar://$PROJECT_DIR$/lib/libthrift-0.6.1.jar!/" />
      <root url="jar://$PROJECT_DIR$/lib/snakeyaml-1.6-sources.jar!/" />
      <root url="jar://$PROJECT_DIR$/lib/slf4j-simple-1.6.1-sources.jar!/" />
      <root url="jar://$PROJECT_DIR$/lib/jetty-server-8.1.0.v20120127-sources.jar!/" />
      <root url="jar://$PROJECT_DIR$/lib/velocity-1.7-sources.jar!/" />
      <root url="jar://$PROJECT_DIR$/lib/mail-1.4.5-sources.jar!/" />
      <root url="jar://$PROJECT_DIR$/lib/smack-3.2.1-sources.jar!/" />
    </SOURCES>
  </library>
</component>